Arguments: 
  /Users/juju/.nvm/versions/node/v14.5.0/bin/node /Users/juju/.yarn/bin/yarn add mri execa

PATH: 
  /Users/juju/.cargo/bin:/usr/local/lib/ruby/gems/2.5.0/bin:/usr/local/opt/ruby/bin:/Users/juju/.yarn/bin:/Users/juju/.nvm/versions/node/v14.5.0/bin:/usr/local/bin:/usr/bin:/bin:/usr/sbin:/sbin:/opt/X11/bin:/usr/local/go/bin

Yarn version: 
  1.22.4

Node version: 
  14.5.0

Platform: 
  darwin x64

Trace: 
  Error: getaddrinfo ENOTFOUND registry.yarnpkg.com
      at GetAddrInfoReqWrap.onlookup [as oncomplete] (dns.js:66:26)

npm manifest: 
  {
    "name": "sre-tools",
    "version": "1.0.0",
    "main": "index.js",
    "license": "MIT"
  }

yarn manifest: 
  No manifest

Lockfile: 
  No lockfile
